<?xml version="1.0" encoding="UTF-8"?>
<testsuite name="Tests" tests="1" skipped="0" failures="0" errors="0" timestamp="2018-11-19T22:44:08" hostname="LAPTOP-1NOQIVGR" time="0.011">
  <properties/>
  <testcase name="testRegisterUserRENTALTRES()" classname="Tests" time="0.011"/>
  <system-out><![CDATA[Testes: 
]]></system-out>
  <system-err><![CDATA[]]></system-err>
</testsuite>
