<?xml version="1.0" encoding="UTF-8"?>
<testsuite name="Tests" tests="1" skipped="0" failures="0" errors="0" timestamp="2018-11-18T23:13:47" hostname="LAPTOP-1NOQIVGR" time="0.039">
  <properties/>
  <testcase name="testRegisterUserValido()" classname="Tests" time="0.039"/>
  <system-out><![CDATA[Testes: 
]]></system-out>
  <system-err><![CDATA[]]></system-err>
</testsuite>
