<?xml version="1.0" encoding="UTF-8"?>
<testsuite name="Tests" tests="1" skipped="0" failures="0" errors="0" timestamp="2018-11-17T18:05:38" hostname="LAPTOP-1NOQIVGR" time="0.018">
  <properties/>
  <testcase name="testRegisterUser()" classname="Tests" time="0.018"/>
  <system-out><![CDATA[Unit Tests: 
]]></system-out>
  <system-err><![CDATA[]]></system-err>
</testsuite>
